        -:    0:Source:src/testa_soma_string_stdin.cpp
        -:    0:Programs:1
        -:    1:#include <iostream>
        -:    2:#include "string_soma.hpp"
        -:    3:using namespace std;
        -:    4:
        -:    5:
       12:    6:int main(){
        -:    7:int soma;
        -:    8:char oi[100];
       12:    9:cout<< "digite a sua entrada:"<<endl;
       12:   10:cin>> oi; 
       12:   11:soma = soma_string(oi);
       12:   12:cout<< "A soma é igual a: "<< soma <<endl;
       12:   13:return 0;
       36:   14:}
